Active-HDL 11.1.262.7351 2021-10-08 20:12:11

Elaboration top modules:
Architecture                  alu_arch(alu)


-----------------------------------------------------------------------------------------------------------
Entity   | Architecture | Library                   | Info | Compiler Version        | Compilation Options
-----------------------------------------------------------------------------------------------------------
alu      | alu_arch     | pipelined_multimedia_unit |      | 11.1.262.7351 (Windows) | -dbg -2008
-----------------------------------------------------------------------------------------------------------

-----------------------------------------------------------------------------------------------------------
VHDL Package            | Library                   | Info | Compiler Version        | Compilation Options
-----------------------------------------------------------------------------------------------------------
standard                | std                       |      |                         | <unavailable>
TEXTIO                  | std                       |      |                         | <unavailable>
std_logic_1164          | ieee                      |      |                         | <unavailable>
NUMERIC_STD             | ieee                      |      |                         | <unavailable>
-----------------------------------------------------------------------------------------------------------

-------------------------------------------------------------------------------------------------------------
Library                   | Comment
-------------------------------------------------------------------------------------------------------------
ieee                      | Standard IEEE packages library
pipelined_multimedia_unit | None
std                       | Standard VHDL library
-------------------------------------------------------------------------------------------------------------
